2018-08-07T03:31:50+00:00 DEBUG root Hello World!
2018-08-07T03:32:00+00:00 DEBUG root Hello World!
2018-08-07T03:32:01+00:00 DEBUG root Hello World!
2018-08-07T03:32:01+00:00 DEBUG root Hello World!
2018-08-07T03:39:51+00:00 DEBUG root Log Hello World!
2018-08-07T03:39:54+00:00 DEBUG root Log Hello World!
2018-08-07T03:39:54+00:00 DEBUG root Log Hello World!
2018-08-07T03:41:06+00:00 DEBUG root Log Hello World!
2018-08-07T03:41:07+00:00 DEBUG root Log Hello World!
2018-08-07T03:41:07+00:00 DEBUG root Log Hello World!
2018-08-07T03:41:07+00:00 DEBUG root Log Hello World!
2018-08-07T03:41:07+00:00 DEBUG root Log Hello World!
2018-08-07T03:41:08+00:00 DEBUG root Log Hello World!
2018-08-07T03:41:08+00:00 DEBUG root Log Hello World!
2018-08-07T03:50:26+00:00 DEBUG root  ====== Log Hello World!
2018-08-07T03:50:26+00:00 DEBUG root  ====== Log Hello World!
2018-08-07T03:50:27+00:00 DEBUG root  ====== Log Hello World!
2018-08-07T03:50:27+00:00 DEBUG root  ====== Log Hello World!
2018-08-07T03:50:27+00:00 DEBUG root  ====== Log Hello World!
2018-08-07T03:50:27+00:00 DEBUG root  ====== Log Hello World!
2018-08-07T04:06:58+00:00 DEBUG root  ====== Log Hello World!
2018-08-07T04:07:27+00:00 DEBUG root  ====== Log Hello World!
2018-08-07T04:08:30+00:00 DEBUG root  ====== Log Hello World!
2018-08-07T04:08:31+00:00 DEBUG root  ====== Log Hello World!
2018-08-07T04:08:31+00:00 DEBUG root  ====== Log Hello World!
2018-08-07T04:08:31+00:00 DEBUG root  ====== Log Hello World!
2018-08-07T04:08:55+00:00 DEBUG root  ====== Log Hello World!
2018-08-07T04:10:04+00:00 DEBUG root  ====== Log Hello World!
2018-08-07T04:11:04+00:00 DEBUG root  ====== Log Hello World!
2018-08-07T04:13:25+00:00 DEBUG root  ====== Log Hello World!
2018-08-07T04:13:25+00:00 DEBUG root  ====== Log Hello World!
2018-08-07T04:13:25+00:00 DEBUG root  ====== Log Hello World!
2018-08-07T04:13:25+00:00 DEBUG root  ====== Log Hello World!
2018-08-07T04:13:25+00:00 DEBUG root  ====== Log Hello World!
2018-08-07T04:14:39+00:00 DEBUG root  ====== Log Hello World!
2018-08-07T04:14:40+00:00 DEBUG root  ====== Log Hello World!
2018-08-07T04:14:40+00:00 DEBUG root  ====== Log Hello World!
2018-08-07T04:14:40+00:00 DEBUG root  ====== Log Hello World!
2018-08-07T04:14:40+00:00 DEBUG root  ====== Log Hello World!
2018-08-07T04:17:02+00:00 DEBUG root  ====== Log Hello World!
2018-08-07T04:17:03+00:00 DEBUG root  ====== Log Hello World!
2018-08-07T04:17:03+00:00 DEBUG root  ====== Log Hello World!
2018-08-07T04:17:03+00:00 DEBUG root  ====== Log Hello World!
2018-08-07T04:17:03+00:00 DEBUG root  ====== Log Hello World!
2018-08-07T04:17:03+00:00 DEBUG root  ====== Log Hello World!
2018-08-07T04:17:45+00:00 DEBUG root  ====== Log Hello World!
2018-08-07T04:17:45+00:00 DEBUG root  ====== Log Hello World!
2018-08-07T04:18:40+00:00 DEBUG root  ====== Log Hello World!
2018-08-07T04:19:00+00:00 DEBUG root  ====== Log Hello World!
2018-08-07T04:22:48+00:00 DEBUG root  ====== Log Hello World!
2018-08-07T04:22:48+00:00 DEBUG App\Http\Controllers\Admin\LogController My second message.111<br>
2018-08-07T04:22:48+00:00 INFO  App\Http\Controllers\Admin\LogController My third message.1111<br>
2018-08-07T04:22:48+00:00 WARN  App\Http\Controllers\Admin\LogController My fourth message.111<br>
2018-08-07T04:22:48+00:00 ERROR App\Http\Controllers\Admin\LogController My fifth message.111<br>
2018-08-07T04:22:48+00:00 FATAL App\Http\Controllers\Admin\LogController My sixth message.1111<br>
<------------------>
2018-08-07T04:23:40+00:00 DEBUG root  ====== Log Hello World!
2018-08-07T04:24:05+00:00 DEBUG root  ====== Log Hello World!
2018-08-07T04:29:37+00:00 DEBUG root  ====== Log Hello World!
2018-08-07T04:30:04+00:00 DEBUG root  ====== Log Hello World!
2018-08-07T04:31:10+00:00 DEBUG root  ====== Log Hello World!
2018-08-07T04:44:42+00:00 DEBUG root  ====== Log Hello World!
2018-08-07T04:45:20+00:00 DEBUG root  ====== Log Hello World!
2018-08-07T04:58:37+00:00 DEBUG root  ====== Log Hello World!
2018-08-07T04:59:28+00:00 DEBUG root  ====== Log Hello World!
2018-08-07T05:06:58+00:00 DEBUG root  ====== Log Hello World!
2018-08-07T05:06:59+00:00 DEBUG root  ====== Log Hello World!
2018-08-07T05:07:33+00:00 DEBUG root  ====== Log Hello World!
2018-08-07T05:20:53+00:00 DEBUG root  ====== Log Hello World!
2018-08-07T05:21:24+00:00 DEBUG root  ====== Log Hello World!
2018-08-07T05:22:53+00:00 DEBUG root  ====== Log Hello World!
2018-08-07T05:23:20+00:00 DEBUG root  ====== Log Hello World!
